0001_0020_0045_0131_0131.jpg 1 20 45 131 131
0002_0055_0016_0134_0134.jpg 1 55 16 134 134
0003_0121_0091_0034_0034.jpg 1 121 91 34 34
0004_0050_0032_0085_0085.jpg 1 50 32 85 85
0005_0036_0040_0067_0067.jpg 1 36 40 67 67
0006_0036_0082_0100_0100.jpg 1 36 82 100 100
0007_0081_0038_0062_0062.jpg 1 81 38 62 62
0008_0095_0049_0041_0041.jpg 1 95 49 41 41
0009_0066_0071_0038_0038.jpg 1 66 71 38 38
0010_0109_0049_0057_0057.jpg 1 109 49 57 57
0011_0080_0069_0070_0070.jpg 1 80 69 70 70
0012_0079_0036_0070_0070.jpg 1 79 36 70 70
0013_0018_0032_0061_0061.jpg 1 18 32 61 61
0014_0024_0087_0065_0065.jpg 1 24 87 65 65
0015_0032_0022_0109_0109.jpg 1 32 22 109 109
0016_0072_0039_0062_0062.jpg 1 72 39 62 62
0017_0064_0042_0073_0073.jpg 1 64 42 73 73
0018_0088_0083_0099_0099.jpg 1 88 83 99 99
0019_0079_0063_0086_0086.jpg 1 79 63 86 86
0020_0027_0075_0106_0106.jpg 1 27 75 106 106
