info_0\0001_0012_0018_0054_0054.jpg 1 12 18 54 54
info_0\0002_0020_0004_0053_0053.jpg 1 20 4 53 53
info_0\0003_0023_0020_0051_0051.jpg 1 23 20 51 51
info_0\0004_0014_0007_0050_0050.jpg 1 14 7 50 50
info_0\0005_0021_0006_0050_0050.jpg 1 21 6 50 50
info_0\0006_0006_0018_0053_0053.jpg 1 6 18 53 53
info_0\0007_0016_0018_0054_0054.jpg 1 16 18 54 54
info_0\0008_0022_0005_0051_0051.jpg 1 22 5 51 51
info_0\0009_0013_0008_0053_0053.jpg 1 13 8 53 53
info_0\0010_0024_0010_0051_0051.jpg 1 24 10 51 51
info_0\0011_0017_0009_0050_0050.jpg 1 17 9 50 50
info_0\0012_0006_0016_0054_0054.jpg 1 6 16 54 54
info_0\0013_0023_0014_0054_0054.jpg 1 23 14 54 54
info_0\0014_0014_0018_0052_0052.jpg 1 14 18 52 52
info_0\0015_0011_0019_0054_0054.jpg 1 11 19 54 54
info_0\0016_0010_0008_0053_0053.jpg 1 10 8 53 53
info_0\0017_0019_0020_0055_0055.jpg 1 19 20 55 55
info_0\0018_0011_0017_0051_0051.jpg 1 11 17 51 51
info_0\0019_0004_0018_0055_0055.jpg 1 4 18 55 55
info_0\0020_0011_0016_0055_0055.jpg 1 11 16 55 55
info_0\0021_0007_0010_0055_0055.jpg 1 7 10 55 55
info_0\0022_0011_0017_0051_0051.jpg 1 11 17 51 51
info_0\0023_0017_0010_0050_0050.jpg 1 17 10 50 50
info_0\0024_0006_0026_0050_0050.jpg 1 6 26 50 50
info_0\0025_0010_0008_0050_0050.jpg 1 10 8 50 50
info_0\0026_0005_0020_0053_0053.jpg 1 5 20 53 53
info_0\0027_0021_0025_0051_0051.jpg 1 21 25 51 51
info_0\0028_0006_0004_0055_0055.jpg 1 6 4 55 55
info_0\0029_0013_0022_0050_0050.jpg 1 13 22 50 50
info_0\0030_0012_0018_0055_0055.jpg 1 12 18 55 55
info_0\0031_0008_0025_0051_0051.jpg 1 8 25 51 51
info_0\0032_0018_0025_0051_0051.jpg 1 18 25 51 51
info_0\0033_0018_0007_0055_0055.jpg 1 18 7 55 55
info_0\0034_0021_0017_0052_0052.jpg 1 21 17 52 52
info_0\0035_0008_0020_0050_0050.jpg 1 8 20 50 50
info_0\0036_0008_0012_0053_0053.jpg 1 8 12 53 53
info_0\0037_0015_0017_0050_0050.jpg 1 15 17 50 50
info_0\0038_0011_0015_0054_0054.jpg 1 11 15 54 54
info_0\0039_0011_0003_0055_0055.jpg 1 11 3 55 55
info_0\0040_0022_0023_0052_0052.jpg 1 22 23 52 52
info_0\0041_0009_0014_0052_0052.jpg 1 9 14 52 52
info_0\0042_0020_0004_0053_0053.jpg 1 20 4 53 53
info_0\0043_0006_0019_0051_0051.jpg 1 6 19 51 51
info_0\0044_0022_0013_0053_0053.jpg 1 22 13 53 53
info_0\0045_0017_0006_0051_0051.jpg 1 17 6 51 51
info_0\0046_0008_0012_0050_0050.jpg 1 8 12 50 50
info_0\0047_0015_0012_0053_0053.jpg 1 15 12 53 53
info_0\0048_0014_0017_0051_0051.jpg 1 14 17 51 51
info_0\0049_0006_0005_0051_0051.jpg 1 6 5 51 51
info_0\0050_0022_0020_0054_0054.jpg 1 22 20 54 54
info_0\0051_0011_0021_0055_0055.jpg 1 11 21 55 55
info_0\0052_0005_0004_0050_0050.jpg 1 5 4 50 50
info_0\0053_0004_0009_0050_0050.jpg 1 4 9 50 50
info_0\0054_0017_0013_0054_0054.jpg 1 17 13 54 54
info_0\0055_0005_0015_0051_0051.jpg 1 5 15 51 51
info_0\0056_0018_0018_0055_0055.jpg 1 18 18 55 55
info_0\0057_0016_0017_0053_0053.jpg 1 16 17 53 53
info_0\0058_0025_0003_0051_0051.jpg 1 25 3 51 51
info_0\0059_0005_0005_0054_0054.jpg 1 5 5 54 54
info_0\0060_0014_0020_0054_0054.jpg 1 14 20 54 54
info_0\0061_0009_0011_0051_0051.jpg 1 9 11 51 51
info_0\0062_0010_0012_0052_0052.jpg 1 10 12 52 52
info_0\0063_0016_0007_0050_0050.jpg 1 16 7 50 50
info_0\0064_0019_0008_0054_0054.jpg 1 19 8 54 54
info_0\0065_0009_0010_0053_0053.jpg 1 9 10 53 53
info_0\0066_0004_0012_0050_0050.jpg 1 4 12 50 50
info_0\0067_0011_0010_0054_0054.jpg 1 11 10 54 54
info_0\0068_0016_0021_0050_0050.jpg 1 16 21 50 50
info_0\0069_0021_0010_0054_0054.jpg 1 21 10 54 54
info_0\0070_0007_0017_0050_0050.jpg 1 7 17 50 50
info_0\0071_0019_0018_0054_0054.jpg 1 19 18 54 54
info_0\0072_0005_0023_0051_0051.jpg 1 5 23 51 51
info_0\0073_0022_0022_0051_0051.jpg 1 22 22 51 51
info_0\0074_0006_0025_0052_0052.jpg 1 6 25 52 52
info_0\0075_0016_0011_0054_0054.jpg 1 16 11 54 54
info_0\0076_0004_0017_0051_0051.jpg 1 4 17 51 51
info_0\0077_0019_0019_0050_0050.jpg 1 19 19 50 50
info_0\0078_0003_0013_0053_0053.jpg 1 3 13 53 53
info_0\0079_0018_0010_0053_0053.jpg 1 18 10 53 53
info_0\0080_0003_0012_0054_0054.jpg 1 3 12 54 54
info_0\0081_0005_0010_0052_0052.jpg 1 5 10 52 52
info_0\0082_0020_0019_0055_0055.jpg 1 20 19 55 55
info_0\0083_0010_0012_0052_0052.jpg 1 10 12 52 52
info_0\0084_0019_0009_0052_0052.jpg 1 19 9 52 52
info_0\0085_0013_0009_0054_0054.jpg 1 13 9 54 54
info_0\0086_0008_0016_0051_0051.jpg 1 8 16 51 51
info_0\0087_0013_0011_0051_0051.jpg 1 13 11 51 51
info_0\0088_0013_0002_0054_0054.jpg 1 13 2 54 54
info_0\0089_0005_0015_0052_0052.jpg 1 5 15 52 52
info_0\0090_0011_0020_0055_0055.jpg 1 11 20 55 55
info_0\0091_0006_0008_0052_0052.jpg 1 6 8 52 52
info_0\0092_0021_0019_0051_0051.jpg 1 21 19 51 51
info_0\0093_0013_0020_0054_0054.jpg 1 13 20 54 54
info_0\0094_0025_0014_0050_0050.jpg 1 25 14 50 50
info_0\0095_0006_0020_0053_0053.jpg 1 6 20 53 53
info_0\0096_0007_0010_0052_0052.jpg 1 7 10 52 52
info_0\0097_0003_0022_0053_0053.jpg 1 3 22 53 53
info_0\0098_0017_0009_0055_0055.jpg 1 17 9 55 55
info_0\0099_0023_0004_0053_0053.jpg 1 23 4 53 53
info_0\0100_0007_0020_0052_0052.jpg 1 7 20 52 52
info_0\0101_0021_0007_0055_0055.jpg 1 21 7 55 55
info_0\0102_0020_0019_0053_0053.jpg 1 20 19 53 53
info_0\0103_0009_0008_0053_0053.jpg 1 9 8 53 53
info_0\0104_0008_0012_0055_0055.jpg 1 8 12 55 55
info_0\0105_0004_0003_0055_0055.jpg 1 4 3 55 55
info_0\0106_0009_0006_0054_0054.jpg 1 9 6 54 54
info_0\0107_0018_0020_0051_0051.jpg 1 18 20 51 51
info_0\0108_0014_0015_0052_0052.jpg 1 14 15 52 52
info_0\0109_0006_0004_0051_0051.jpg 1 6 4 51 51
info_0\0110_0008_0003_0051_0051.jpg 1 8 3 51 51
info_0\0111_0011_0019_0054_0054.jpg 1 11 19 54 54
info_0\0112_0019_0012_0053_0053.jpg 1 19 12 53 53
info_0\0113_0021_0011_0053_0053.jpg 1 21 11 53 53
info_0\0114_0011_0015_0053_0053.jpg 1 11 15 53 53
info_0\0115_0012_0018_0050_0050.jpg 1 12 18 50 50
info_0\0116_0004_0003_0051_0051.jpg 1 4 3 51 51
info_0\0117_0016_0012_0055_0055.jpg 1 16 12 55 55
info_0\0118_0008_0022_0052_0052.jpg 1 8 22 52 52
info_0\0119_0007_0004_0053_0053.jpg 1 7 4 53 53
info_0\0120_0005_0007_0054_0054.jpg 1 5 7 54 54
info_0\0121_0022_0021_0053_0053.jpg 1 22 21 53 53
info_0\0122_0020_0015_0055_0055.jpg 1 20 15 55 55
info_0\0123_0013_0016_0053_0053.jpg 1 13 16 53 53
info_0\0124_0016_0006_0055_0055.jpg 1 16 6 55 55
info_0\0125_0008_0005_0052_0052.jpg 1 8 5 52 52
info_0\0126_0014_0003_0055_0055.jpg 1 14 3 55 55
info_0\0127_0015_0007_0051_0051.jpg 1 15 7 51 51
info_0\0128_0016_0019_0055_0055.jpg 1 16 19 55 55
info_0\0129_0003_0017_0055_0055.jpg 1 3 17 55 55
info_0\0130_0006_0015_0055_0055.jpg 1 6 15 55 55
info_0\0131_0012_0005_0051_0051.jpg 1 12 5 51 51
info_0\0132_0024_0006_0051_0051.jpg 1 24 6 51 51
info_0\0133_0017_0004_0054_0054.jpg 1 17 4 54 54
info_0\0134_0013_0007_0054_0054.jpg 1 13 7 54 54
info_0\0135_0012_0019_0055_0055.jpg 1 12 19 55 55
info_0\0136_0008_0012_0054_0054.jpg 1 8 12 54 54
info_0\0137_0007_0004_0052_0052.jpg 1 7 4 52 52
info_0\0138_0017_0020_0050_0050.jpg 1 17 20 50 50
info_0\0139_0019_0004_0051_0051.jpg 1 19 4 51 51
info_0\0140_0003_0023_0054_0054.jpg 1 3 23 54 54
info_0\0141_0005_0006_0053_0053.jpg 1 5 6 53 53
info_0\0142_0005_0006_0051_0051.jpg 1 5 6 51 51
info_0\0143_0006_0009_0050_0050.jpg 1 6 9 50 50
info_0\0144_0011_0005_0055_0055.jpg 1 11 5 55 55
info_0\0145_0012_0008_0052_0052.jpg 1 12 8 52 52
info_0\0146_0022_0007_0052_0052.jpg 1 22 7 52 52
info_0\0147_0007_0024_0050_0050.jpg 1 7 24 50 50
info_0\0148_0022_0021_0053_0053.jpg 1 22 21 53 53
info_0\0149_0014_0013_0054_0054.jpg 1 14 13 54 54
info_0\0150_0003_0016_0050_0050.jpg 1 3 16 50 50
info_0\0151_0022_0005_0053_0053.jpg 1 22 5 53 53
info_0\0152_0013_0004_0051_0051.jpg 1 13 4 51 51
info_0\0153_0003_0011_0050_0050.jpg 1 3 11 50 50
info_0\0154_0015_0010_0051_0051.jpg 1 15 10 51 51
info_0\0155_0019_0019_0050_0050.jpg 1 19 19 50 50
info_0\0156_0003_0021_0055_0055.jpg 1 3 21 55 55
info_0\0157_0013_0025_0052_0052.jpg 1 13 25 52 52
info_0\0158_0015_0008_0051_0051.jpg 1 15 8 51 51
info_0\0159_0008_0019_0053_0053.jpg 1 8 19 53 53
info_0\0160_0003_0010_0055_0055.jpg 1 3 10 55 55
info_0\0161_0011_0020_0053_0053.jpg 1 11 20 53 53
info_0\0162_0018_0011_0053_0053.jpg 1 18 11 53 53
info_0\0163_0011_0024_0051_0051.jpg 1 11 24 51 51
info_0\0164_0015_0011_0053_0053.jpg 1 15 11 53 53
info_0\0165_0008_0018_0055_0055.jpg 1 8 18 55 55
info_0\0166_0017_0004_0053_0053.jpg 1 17 4 53 53
info_0\0167_0023_0024_0051_0051.jpg 1 23 24 51 51
info_0\0168_0019_0010_0054_0054.jpg 1 19 10 54 54
info_0\0169_0004_0017_0054_0054.jpg 1 4 17 54 54
info_0\0170_0008_0019_0053_0053.jpg 1 8 19 53 53
info_0\0171_0010_0016_0055_0055.jpg 1 10 16 55 55
info_0\0172_0013_0014_0050_0050.jpg 1 13 14 50 50
info_0\0173_0017_0022_0050_0050.jpg 1 17 22 50 50
info_0\0174_0002_0021_0055_0055.jpg 1 2 21 55 55
info_0\0175_0014_0003_0052_0052.jpg 1 14 3 52 52
info_0\0176_0025_0007_0050_0050.jpg 1 25 7 50 50
info_0\0177_0023_0020_0050_0050.jpg 1 23 20 50 50
info_0\0178_0015_0022_0051_0051.jpg 1 15 22 51 51
info_0\0179_0007_0016_0051_0051.jpg 1 7 16 51 51
info_0\0180_0004_0013_0050_0050.jpg 1 4 13 50 50
info_0\0181_0008_0010_0055_0055.jpg 1 8 10 55 55
info_0\0182_0020_0016_0054_0054.jpg 1 20 16 54 54
info_0\0183_0005_0019_0055_0055.jpg 1 5 19 55 55
info_0\0184_0007_0006_0051_0051.jpg 1 7 6 51 51
info_0\0185_0014_0024_0050_0050.jpg 1 14 24 50 50
info_0\0186_0018_0003_0053_0053.jpg 1 18 3 53 53
info_0\0187_0009_0021_0050_0050.jpg 1 9 21 50 50
info_0\0188_0016_0014_0053_0053.jpg 1 16 14 53 53
info_0\0189_0008_0010_0053_0053.jpg 1 8 10 53 53
info_0\0190_0006_0007_0051_0051.jpg 1 6 7 51 51
info_0\0191_0024_0022_0050_0050.jpg 1 24 22 50 50
info_0\0192_0004_0016_0052_0052.jpg 1 4 16 52 52
info_0\0193_0005_0021_0053_0053.jpg 1 5 21 53 53
info_0\0194_0017_0020_0050_0050.jpg 1 17 20 50 50
info_0\0195_0008_0019_0055_0055.jpg 1 8 19 55 55
info_0\0196_0022_0006_0054_0054.jpg 1 22 6 54 54
info_0\0197_0016_0007_0053_0053.jpg 1 16 7 53 53
info_0\0198_0013_0013_0053_0053.jpg 1 13 13 53 53
info_0\0199_0003_0022_0051_0051.jpg 1 3 22 51 51
info_0\0200_0019_0020_0053_0053.jpg 1 19 20 53 53
info_0\0201_0020_0020_0055_0055.jpg 1 20 20 55 55
info_0\0202_0015_0012_0052_0052.jpg 1 15 12 52 52
info_0\0203_0008_0003_0051_0051.jpg 1 8 3 51 51
info_0\0204_0014_0017_0051_0051.jpg 1 14 17 51 51
info_0\0205_0016_0020_0055_0055.jpg 1 16 20 55 55
info_0\0206_0006_0014_0052_0052.jpg 1 6 14 52 52
info_0\0207_0003_0013_0051_0051.jpg 1 3 13 51 51
info_0\0208_0026_0007_0050_0050.jpg 1 26 7 50 50
info_0\0209_0005_0016_0053_0053.jpg 1 5 16 53 53
info_0\0210_0018_0016_0053_0053.jpg 1 18 16 53 53
info_0\0211_0021_0003_0055_0055.jpg 1 21 3 55 55
info_0\0212_0010_0009_0052_0052.jpg 1 10 9 52 52
info_0\0213_0020_0020_0053_0053.jpg 1 20 20 53 53
info_0\0214_0003_0010_0053_0053.jpg 1 3 10 53 53
info_0\0215_0012_0016_0050_0050.jpg 1 12 16 50 50
info_0\0216_0007_0004_0053_0053.jpg 1 7 4 53 53
info_0\0217_0012_0011_0050_0050.jpg 1 12 11 50 50
info_0\0218_0019_0020_0054_0054.jpg 1 19 20 54 54
info_0\0219_0020_0007_0051_0051.jpg 1 20 7 51 51
info_0\0220_0008_0015_0055_0055.jpg 1 8 15 55 55
info_0\0221_0015_0004_0055_0055.jpg 1 15 4 55 55
info_0\0222_0019_0025_0051_0051.jpg 1 19 25 51 51
info_0\0223_0025_0020_0050_0050.jpg 1 25 20 50 50
info_0\0224_0017_0003_0050_0050.jpg 1 17 3 50 50
info_0\0225_0008_0020_0054_0054.jpg 1 8 20 54 54
info_0\0226_0006_0018_0053_0053.jpg 1 6 18 53 53
info_0\0227_0020_0006_0054_0054.jpg 1 20 6 54 54
info_0\0228_0019_0004_0054_0054.jpg 1 19 4 54 54
info_0\0229_0020_0006_0054_0054.jpg 1 20 6 54 54
info_0\0230_0010_0012_0054_0054.jpg 1 10 12 54 54
info_0\0231_0015_0026_0050_0050.jpg 1 15 26 50 50
info_0\0232_0019_0010_0055_0055.jpg 1 19 10 55 55
info_0\0233_0015_0011_0054_0054.jpg 1 15 11 54 54
info_0\0234_0021_0018_0054_0054.jpg 1 21 18 54 54
info_0\0235_0020_0012_0051_0051.jpg 1 20 12 51 51
info_0\0236_0022_0004_0054_0054.jpg 1 22 4 54 54
info_0\0237_0010_0007_0055_0055.jpg 1 10 7 55 55
info_0\0238_0025_0003_0050_0050.jpg 1 25 3 50 50
info_0\0239_0007_0021_0054_0054.jpg 1 7 21 54 54
info_0\0240_0011_0018_0052_0052.jpg 1 11 18 52 52
info_0\0241_0010_0020_0054_0054.jpg 1 10 20 54 54
info_0\0242_0018_0016_0053_0053.jpg 1 18 16 53 53
info_0\0243_0005_0017_0053_0053.jpg 1 5 17 53 53
info_0\0244_0014_0006_0052_0052.jpg 1 14 6 52 52
info_0\0245_0008_0019_0054_0054.jpg 1 8 19 54 54
info_0\0246_0021_0017_0054_0054.jpg 1 21 17 54 54
info_0\0247_0008_0017_0052_0052.jpg 1 8 17 52 52
info_0\0248_0009_0013_0053_0053.jpg 1 9 13 53 53
info_0\0249_0017_0016_0053_0053.jpg 1 17 16 53 53
info_0\0250_0025_0025_0051_0051.jpg 1 25 25 51 51
info_0\0251_0019_0011_0050_0050.jpg 1 19 11 50 50
info_0\0252_0020_0021_0053_0053.jpg 1 20 21 53 53
info_0\0253_0017_0003_0053_0053.jpg 1 17 3 53 53
info_0\0254_0014_0018_0052_0052.jpg 1 14 18 52 52
info_0\0255_0024_0021_0052_0052.jpg 1 24 21 52 52
info_0\0256_0010_0009_0053_0053.jpg 1 10 9 53 53
info_0\0257_0023_0016_0051_0051.jpg 1 23 16 51 51
info_0\0258_0017_0014_0052_0052.jpg 1 17 14 52 52
info_0\0259_0013_0011_0052_0052.jpg 1 13 11 52 52
info_0\0260_0002_0019_0051_0051.jpg 1 2 19 51 51
info_0\0261_0003_0016_0052_0052.jpg 1 3 16 52 52
info_0\0262_0015_0008_0052_0052.jpg 1 15 8 52 52
info_0\0263_0022_0017_0052_0052.jpg 1 22 17 52 52
info_0\0264_0023_0019_0052_0052.jpg 1 23 19 52 52
info_0\0265_0009_0006_0052_0052.jpg 1 9 6 52 52
info_0\0266_0015_0025_0050_0050.jpg 1 15 25 50 50
info_0\0267_0014_0007_0053_0053.jpg 1 14 7 53 53
info_0\0268_0019_0012_0052_0052.jpg 1 19 12 52 52
info_0\0269_0020_0019_0051_0051.jpg 1 20 19 51 51
info_0\0270_0013_0013_0055_0055.jpg 1 13 13 55 55
info_0\0271_0017_0018_0054_0054.jpg 1 17 18 54 54
info_0\0272_0026_0012_0050_0050.jpg 1 26 12 50 50
info_0\0273_0015_0008_0054_0054.jpg 1 15 8 54 54
info_0\0274_0021_0024_0052_0052.jpg 1 21 24 52 52
info_0\0275_0005_0019_0053_0053.jpg 1 5 19 53 53
info_0\0276_0010_0013_0055_0055.jpg 1 10 13 55 55
info_0\0277_0016_0005_0052_0052.jpg 1 16 5 52 52
info_0\0278_0018_0022_0052_0052.jpg 1 18 22 52 52
info_0\0279_0008_0013_0052_0052.jpg 1 8 13 52 52
info_0\0280_0009_0023_0052_0052.jpg 1 9 23 52 52
info_0\0281_0015_0015_0051_0051.jpg 1 15 15 51 51
info_0\0282_0016_0014_0050_0050.jpg 1 16 14 50 50
info_0\0283_0016_0015_0055_0055.jpg 1 16 15 55 55
info_0\0284_0003_0020_0051_0051.jpg 1 3 20 51 51
info_0\0285_0012_0003_0052_0052.jpg 1 12 3 52 52
info_0\0286_0022_0015_0050_0050.jpg 1 22 15 50 50
info_0\0287_0015_0015_0050_0050.jpg 1 15 15 50 50
info_0\0288_0007_0003_0053_0053.jpg 1 7 3 53 53
info_0\0289_0026_0024_0050_0050.jpg 1 26 24 50 50
info_0\0290_0011_0006_0054_0054.jpg 1 11 6 54 54
info_0\0291_0019_0020_0052_0052.jpg 1 19 20 52 52
info_0\0292_0008_0017_0055_0055.jpg 1 8 17 55 55
info_0\0293_0005_0009_0053_0053.jpg 1 5 9 53 53
info_0\0294_0008_0019_0055_0055.jpg 1 8 19 55 55
info_0\0295_0016_0007_0054_0054.jpg 1 16 7 54 54
info_0\0296_0020_0013_0050_0050.jpg 1 20 13 50 50
info_0\0297_0003_0021_0055_0055.jpg 1 3 21 55 55
info_0\0298_0018_0002_0052_0052.jpg 1 18 2 52 52
info_0\0299_0004_0019_0054_0054.jpg 1 4 19 54 54
info_0\0300_0013_0007_0055_0055.jpg 1 13 7 55 55
info_0\0301_0021_0007_0053_0053.jpg 1 21 7 53 53
info_0\0302_0011_0007_0051_0051.jpg 1 11 7 51 51
info_0\0303_0024_0011_0052_0052.jpg 1 24 11 52 52
info_0\0304_0013_0020_0054_0054.jpg 1 13 20 54 54
info_0\0305_0021_0019_0053_0053.jpg 1 21 19 53 53
info_0\0306_0009_0019_0053_0053.jpg 1 9 19 53 53
info_0\0307_0015_0019_0053_0053.jpg 1 15 19 53 53
info_0\0308_0020_0004_0051_0051.jpg 1 20 4 51 51
info_0\0309_0024_0017_0052_0052.jpg 1 24 17 52 52
info_0\0310_0021_0025_0050_0050.jpg 1 21 25 50 50
info_0\0311_0022_0011_0053_0053.jpg 1 22 11 53 53
info_0\0312_0023_0004_0052_0052.jpg 1 23 4 52 52
info_0\0313_0025_0026_0050_0050.jpg 1 25 26 50 50
info_0\0314_0022_0011_0053_0053.jpg 1 22 11 53 53
info_0\0315_0007_0010_0052_0052.jpg 1 7 10 52 52
info_0\0316_0015_0022_0054_0054.jpg 1 15 22 54 54
info_0\0317_0021_0023_0053_0053.jpg 1 21 23 53 53
info_0\0318_0024_0014_0051_0051.jpg 1 24 14 51 51
info_0\0319_0005_0005_0055_0055.jpg 1 5 5 55 55
info_0\0320_0020_0019_0055_0055.jpg 1 20 19 55 55
info_0\0321_0019_0020_0050_0050.jpg 1 19 20 50 50
info_0\0322_0017_0020_0054_0054.jpg 1 17 20 54 54
info_0\0323_0007_0016_0055_0055.jpg 1 7 16 55 55
info_0\0324_0012_0018_0053_0053.jpg 1 12 18 53 53
info_0\0325_0008_0006_0050_0050.jpg 1 8 6 50 50
info_0\0326_0026_0011_0051_0051.jpg 1 26 11 51 51
info_0\0327_0011_0004_0052_0052.jpg 1 11 4 52 52
info_0\0328_0005_0005_0052_0052.jpg 1 5 5 52 52
info_0\0329_0023_0020_0050_0050.jpg 1 23 20 50 50
info_0\0330_0017_0004_0055_0055.jpg 1 17 4 55 55
info_0\0331_0003_0013_0052_0052.jpg 1 3 13 52 52
info_0\0332_0007_0008_0050_0050.jpg 1 7 8 50 50
info_0\0333_0019_0015_0051_0051.jpg 1 19 15 51 51
info_0\0334_0017_0003_0052_0052.jpg 1 17 3 52 52
info_0\0335_0016_0005_0052_0052.jpg 1 16 5 52 52
info_0\0336_0019_0016_0055_0055.jpg 1 19 16 55 55
info_0\0337_0008_0006_0050_0050.jpg 1 8 6 50 50
info_0\0338_0012_0004_0055_0055.jpg 1 12 4 55 55
info_0\0339_0003_0026_0050_0050.jpg 1 3 26 50 50
info_0\0340_0012_0011_0053_0053.jpg 1 12 11 53 53
info_0\0341_0009_0007_0055_0055.jpg 1 9 7 55 55
info_0\0342_0010_0023_0054_0054.jpg 1 10 23 54 54
info_0\0343_0021_0020_0052_0052.jpg 1 21 20 52 52
info_0\0344_0002_0012_0054_0054.jpg 1 2 12 54 54
info_0\0345_0023_0020_0051_0051.jpg 1 23 20 51 51
info_0\0346_0009_0025_0050_0050.jpg 1 9 25 50 50
info_0\0347_0020_0020_0055_0055.jpg 1 20 20 55 55
info_0\0348_0013_0004_0053_0053.jpg 1 13 4 53 53
info_0\0349_0005_0016_0054_0054.jpg 1 5 16 54 54
info_0\0350_0007_0020_0052_0052.jpg 1 7 20 52 52
info_0\0351_0011_0004_0052_0052.jpg 1 11 4 52 52
info_0\0352_0008_0011_0051_0051.jpg 1 8 11 51 51
info_0\0353_0025_0023_0051_0051.jpg 1 25 23 51 51
info_0\0354_0021_0016_0054_0054.jpg 1 21 16 54 54
info_0\0355_0013_0013_0053_0053.jpg 1 13 13 53 53
info_0\0356_0008_0007_0055_0055.jpg 1 8 7 55 55
info_0\0357_0009_0021_0055_0055.jpg 1 9 21 55 55
info_0\0358_0020_0002_0054_0054.jpg 1 20 2 54 54
info_0\0359_0018_0016_0050_0050.jpg 1 18 16 50 50
info_0\0360_0023_0012_0050_0050.jpg 1 23 12 50 50
info_0\0361_0017_0007_0055_0055.jpg 1 17 7 55 55
info_0\0362_0026_0011_0050_0050.jpg 1 26 11 50 50
info_0\0363_0020_0017_0053_0053.jpg 1 20 17 53 53
info_0\0364_0012_0022_0054_0054.jpg 1 12 22 54 54
info_0\0365_0012_0017_0050_0050.jpg 1 12 17 50 50
info_0\0366_0018_0008_0053_0053.jpg 1 18 8 53 53
info_0\0367_0005_0010_0051_0051.jpg 1 5 10 51 51
info_0\0368_0017_0013_0053_0053.jpg 1 17 13 53 53
info_0\0369_0019_0009_0051_0051.jpg 1 19 9 51 51
info_0\0370_0016_0005_0055_0055.jpg 1 16 5 55 55
info_0\0371_0024_0019_0052_0052.jpg 1 24 19 52 52
info_0\0372_0007_0004_0052_0052.jpg 1 7 4 52 52
info_0\0373_0018_0018_0054_0054.jpg 1 18 18 54 54
info_0\0374_0020_0006_0054_0054.jpg 1 20 6 54 54
info_0\0375_0014_0023_0053_0053.jpg 1 14 23 53 53
info_0\0376_0009_0018_0054_0054.jpg 1 9 18 54 54
info_0\0377_0014_0019_0053_0053.jpg 1 14 19 53 53
info_0\0378_0022_0006_0054_0054.jpg 1 22 6 54 54
info_0\0379_0006_0014_0055_0055.jpg 1 6 14 55 55
info_0\0380_0011_0018_0054_0054.jpg 1 11 18 54 54
info_0\0381_0008_0004_0050_0050.jpg 1 8 4 50 50
info_0\0382_0022_0012_0053_0053.jpg 1 22 12 53 53
info_0\0383_0019_0016_0054_0054.jpg 1 19 16 54 54
info_0\0384_0004_0006_0052_0052.jpg 1 4 6 52 52
info_0\0385_0021_0006_0054_0054.jpg 1 21 6 54 54
info_0\0386_0007_0019_0050_0050.jpg 1 7 19 50 50
info_0\0387_0004_0017_0050_0050.jpg 1 4 17 50 50
info_0\0388_0016_0002_0054_0054.jpg 1 16 2 54 54
info_0\0389_0017_0017_0051_0051.jpg 1 17 17 51 51
info_0\0390_0007_0019_0054_0054.jpg 1 7 19 54 54
info_0\0391_0024_0004_0051_0051.jpg 1 24 4 51 51
info_0\0392_0020_0023_0050_0050.jpg 1 20 23 50 50
info_0\0393_0021_0013_0052_0052.jpg 1 21 13 52 52
info_0\0394_0019_0023_0050_0050.jpg 1 19 23 50 50
info_0\0395_0004_0020_0051_0051.jpg 1 4 20 51 51
info_0\0396_0007_0024_0052_0052.jpg 1 7 24 52 52
info_0\0397_0021_0007_0055_0055.jpg 1 21 7 55 55
info_0\0398_0019_0020_0055_0055.jpg 1 19 20 55 55
info_0\0399_0004_0010_0052_0052.jpg 1 4 10 52 52
info_0\0400_0022_0023_0052_0052.jpg 1 22 23 52 52
info_0\0401_0012_0003_0050_0050.jpg 1 12 3 50 50
info_0\0402_0006_0022_0054_0054.jpg 1 6 22 54 54
info_0\0403_0025_0013_0051_0051.jpg 1 25 13 51 51
info_0\0404_0021_0018_0053_0053.jpg 1 21 18 53 53
info_0\0405_0009_0004_0055_0055.jpg 1 9 4 55 55
info_0\0406_0012_0016_0052_0052.jpg 1 12 16 52 52
info_0\0407_0016_0010_0051_0051.jpg 1 16 10 51 51
info_0\0408_0019_0015_0052_0052.jpg 1 19 15 52 52
info_0\0409_0022_0023_0051_0051.jpg 1 22 23 51 51
info_0\0410_0007_0007_0054_0054.jpg 1 7 7 54 54
info_0\0411_0017_0018_0055_0055.jpg 1 17 18 55 55
info_0\0412_0007_0015_0050_0050.jpg 1 7 15 50 50
info_0\0413_0007_0023_0052_0052.jpg 1 7 23 52 52
info_0\0414_0009_0017_0051_0051.jpg 1 9 17 51 51
info_0\0415_0022_0007_0054_0054.jpg 1 22 7 54 54
info_0\0416_0006_0024_0050_0050.jpg 1 6 24 50 50
info_0\0417_0015_0016_0052_0052.jpg 1 15 16 52 52
info_0\0418_0022_0003_0054_0054.jpg 1 22 3 54 54
info_0\0419_0012_0009_0053_0053.jpg 1 12 9 53 53
info_0\0420_0009_0014_0053_0053.jpg 1 9 14 53 53
info_0\0421_0002_0003_0055_0055.jpg 1 2 3 55 55
info_0\0422_0011_0022_0052_0052.jpg 1 11 22 52 52
info_0\0423_0021_0023_0051_0051.jpg 1 21 23 51 51
info_0\0424_0016_0006_0050_0050.jpg 1 16 6 50 50
info_0\0425_0005_0006_0054_0054.jpg 1 5 6 54 54
info_0\0426_0005_0016_0055_0055.jpg 1 5 16 55 55
info_0\0427_0008_0024_0053_0053.jpg 1 8 24 53 53
info_0\0428_0007_0025_0050_0050.jpg 1 7 25 50 50
info_0\0429_0009_0008_0055_0055.jpg 1 9 8 55 55
info_0\0430_0009_0005_0054_0054.jpg 1 9 5 54 54
info_0\0431_0002_0016_0052_0052.jpg 1 2 16 52 52
info_0\0432_0009_0016_0050_0050.jpg 1 9 16 50 50
info_0\0433_0008_0007_0054_0054.jpg 1 8 7 54 54
info_0\0434_0008_0015_0053_0053.jpg 1 8 15 53 53
info_0\0435_0014_0012_0055_0055.jpg 1 14 12 55 55
info_0\0436_0006_0003_0054_0054.jpg 1 6 3 54 54
info_0\0437_0004_0003_0053_0053.jpg 1 4 3 53 53
info_0\0438_0012_0009_0054_0054.jpg 1 12 9 54 54
info_0\0439_0014_0008_0050_0050.jpg 1 14 8 50 50
info_0\0440_0024_0012_0052_0052.jpg 1 24 12 52 52
info_0\0441_0020_0021_0055_0055.jpg 1 20 21 55 55
info_0\0442_0012_0006_0052_0052.jpg 1 12 6 52 52
info_0\0443_0003_0022_0053_0053.jpg 1 3 22 53 53
info_0\0444_0013_0004_0055_0055.jpg 1 13 4 55 55
info_0\0445_0006_0006_0050_0050.jpg 1 6 6 50 50
info_0\0446_0018_0012_0052_0052.jpg 1 18 12 52 52
info_0\0447_0009_0006_0054_0054.jpg 1 9 6 54 54
info_0\0448_0007_0004_0055_0055.jpg 1 7 4 55 55
info_0\0449_0026_0024_0050_0050.jpg 1 26 24 50 50
info_0\0450_0013_0022_0050_0050.jpg 1 13 22 50 50
info_0\0451_0007_0023_0054_0054.jpg 1 7 23 54 54
info_0\0452_0004_0012_0052_0052.jpg 1 4 12 52 52
info_0\0453_0014_0003_0055_0055.jpg 1 14 3 55 55
info_0\0454_0018_0010_0050_0050.jpg 1 18 10 50 50
info_0\0455_0021_0012_0053_0053.jpg 1 21 12 53 53
info_0\0456_0006_0019_0054_0054.jpg 1 6 19 54 54
info_0\0457_0017_0008_0054_0054.jpg 1 17 8 54 54
info_0\0458_0018_0003_0050_0050.jpg 1 18 3 50 50
info_0\0459_0003_0021_0051_0051.jpg 1 3 21 51 51
info_0\0460_0006_0013_0051_0051.jpg 1 6 13 51 51
info_0\0461_0021_0019_0050_0050.jpg 1 21 19 50 50
info_0\0462_0014_0003_0052_0052.jpg 1 14 3 52 52
info_0\0463_0013_0011_0052_0052.jpg 1 13 11 52 52
info_0\0464_0015_0003_0052_0052.jpg 1 15 3 52 52
info_0\0465_0013_0022_0050_0050.jpg 1 13 22 50 50
info_0\0466_0007_0008_0054_0054.jpg 1 7 8 54 54
info_0\0467_0011_0006_0055_0055.jpg 1 11 6 55 55
info_0\0468_0002_0013_0054_0054.jpg 1 2 13 54 54
info_0\0469_0003_0014_0053_0053.jpg 1 3 14 53 53
info_0\0470_0009_0016_0050_0050.jpg 1 9 16 50 50
info_0\0471_0019_0003_0053_0053.jpg 1 19 3 53 53
info_0\0472_0022_0004_0052_0052.jpg 1 22 4 52 52
info_0\0473_0017_0019_0054_0054.jpg 1 17 19 54 54
info_0\0474_0019_0005_0055_0055.jpg 1 19 5 55 55
info_0\0475_0018_0010_0050_0050.jpg 1 18 10 50 50
info_0\0476_0011_0025_0051_0051.jpg 1 11 25 51 51
info_0\0477_0002_0015_0054_0054.jpg 1 2 15 54 54
info_0\0478_0012_0023_0052_0052.jpg 1 12 23 52 52
info_0\0479_0015_0024_0050_0050.jpg 1 15 24 50 50
info_0\0480_0006_0011_0054_0054.jpg 1 6 11 54 54
info_0\0481_0006_0025_0050_0050.jpg 1 6 25 50 50
info_0\0482_0023_0006_0052_0052.jpg 1 23 6 52 52
info_0\0483_0025_0003_0050_0050.jpg 1 25 3 50 50
info_0\0484_0015_0010_0055_0055.jpg 1 15 10 55 55
info_0\0485_0012_0013_0052_0052.jpg 1 12 13 52 52
info_0\0486_0008_0008_0054_0054.jpg 1 8 8 54 54
info_0\0487_0015_0003_0054_0054.jpg 1 15 3 54 54
info_0\0488_0008_0013_0054_0054.jpg 1 8 13 54 54
info_0\0489_0016_0017_0051_0051.jpg 1 16 17 51 51
info_0\0490_0013_0021_0054_0054.jpg 1 13 21 54 54
info_0\0491_0020_0015_0053_0053.jpg 1 20 15 53 53
info_0\0492_0002_0005_0054_0054.jpg 1 2 5 54 54
info_0\0493_0006_0007_0051_0051.jpg 1 6 7 51 51
info_0\0494_0015_0016_0055_0055.jpg 1 15 16 55 55
info_0\0495_0003_0004_0052_0052.jpg 1 3 4 52 52
info_0\0496_0017_0024_0050_0050.jpg 1 17 24 50 50
info_0\0497_0021_0014_0055_0055.jpg 1 21 14 55 55
info_0\0498_0011_0004_0052_0052.jpg 1 11 4 52 52
info_0\0499_0021_0020_0055_0055.jpg 1 21 20 55 55
info_0\0500_0005_0022_0050_0050.jpg 1 5 22 50 50
info_0\0501_0007_0010_0055_0055.jpg 1 7 10 55 55
info_0\0502_0004_0009_0053_0053.jpg 1 4 9 53 53
info_0\0503_0005_0004_0050_0050.jpg 1 5 4 50 50
info_0\0504_0007_0003_0050_0050.jpg 1 7 3 50 50
info_0\0505_0010_0008_0055_0055.jpg 1 10 8 55 55
info_0\0506_0020_0008_0052_0052.jpg 1 20 8 52 52
info_0\0507_0004_0009_0050_0050.jpg 1 4 9 50 50
info_0\0508_0011_0020_0054_0054.jpg 1 11 20 54 54
info_0\0509_0022_0006_0053_0053.jpg 1 22 6 53 53
info_0\0510_0019_0009_0052_0052.jpg 1 19 9 52 52
info_0\0511_0004_0017_0053_0053.jpg 1 4 17 53 53
info_0\0512_0020_0013_0052_0052.jpg 1 20 13 52 52
info_0\0513_0007_0017_0051_0051.jpg 1 7 17 51 51
info_0\0514_0019_0005_0054_0054.jpg 1 19 5 54 54
info_0\0515_0005_0016_0055_0055.jpg 1 5 16 55 55
info_0\0516_0022_0022_0054_0054.jpg 1 22 22 54 54
info_0\0517_0015_0008_0050_0050.jpg 1 15 8 50 50
info_0\0518_0014_0020_0054_0054.jpg 1 14 20 54 54
info_0\0519_0016_0005_0051_0051.jpg 1 16 5 51 51
info_0\0520_0017_0020_0055_0055.jpg 1 17 20 55 55
info_0\0521_0019_0003_0053_0053.jpg 1 19 3 53 53
info_0\0522_0005_0015_0050_0050.jpg 1 5 15 50 50
info_0\0523_0009_0017_0051_0051.jpg 1 9 17 51 51
info_0\0524_0013_0016_0051_0051.jpg 1 13 16 51 51
info_0\0525_0015_0018_0053_0053.jpg 1 15 18 53 53
info_0\0526_0024_0008_0053_0053.jpg 1 24 8 53 53
info_0\0527_0007_0003_0052_0052.jpg 1 7 3 52 52
info_0\0528_0006_0019_0054_0054.jpg 1 6 19 54 54
info_0\0529_0020_0012_0052_0052.jpg 1 20 12 52 52
info_0\0530_0022_0003_0055_0055.jpg 1 22 3 55 55
info_0\0531_0020_0025_0050_0050.jpg 1 20 25 50 50
info_0\0532_0008_0012_0055_0055.jpg 1 8 12 55 55
info_0\0533_0020_0013_0052_0052.jpg 1 20 13 52 52
info_0\0534_0006_0017_0054_0054.jpg 1 6 17 54 54
info_0\0535_0023_0019_0051_0051.jpg 1 23 19 51 51
info_0\0536_0019_0023_0052_0052.jpg 1 19 23 52 52
info_0\0537_0025_0011_0050_0050.jpg 1 25 11 50 50
info_0\0538_0014_0016_0052_0052.jpg 1 14 16 52 52
info_0\0539_0024_0008_0050_0050.jpg 1 24 8 50 50
info_0\0540_0014_0010_0051_0051.jpg 1 14 10 51 51
info_0\0541_0023_0017_0052_0052.jpg 1 23 17 52 52
info_0\0542_0022_0014_0055_0055.jpg 1 22 14 55 55
info_0\0543_0014_0023_0052_0052.jpg 1 14 23 52 52
info_0\0544_0021_0023_0052_0052.jpg 1 21 23 52 52
info_0\0545_0005_0021_0052_0052.jpg 1 5 21 52 52
info_0\0546_0008_0022_0053_0053.jpg 1 8 22 53 53
info_0\0547_0010_0012_0055_0055.jpg 1 10 12 55 55
info_0\0548_0017_0017_0054_0054.jpg 1 17 17 54 54
info_0\0549_0026_0005_0050_0050.jpg 1 26 5 50 50
info_0\0550_0022_0006_0052_0052.jpg 1 22 6 52 52
info_0\0551_0009_0022_0054_0054.jpg 1 9 22 54 54
info_0\0552_0012_0014_0050_0050.jpg 1 12 14 50 50
info_0\0553_0012_0011_0052_0052.jpg 1 12 11 52 52
info_0\0554_0015_0022_0052_0052.jpg 1 15 22 52 52
info_0\0555_0023_0009_0052_0052.jpg 1 23 9 52 52
info_0\0556_0010_0012_0053_0053.jpg 1 10 12 53 53
info_0\0557_0005_0005_0055_0055.jpg 1 5 5 55 55
info_0\0558_0022_0020_0053_0053.jpg 1 22 20 53 53
info_0\0559_0016_0017_0051_0051.jpg 1 16 17 51 51
info_0\0560_0005_0011_0051_0051.jpg 1 5 11 51 51
info_0\0561_0003_0006_0053_0053.jpg 1 3 6 53 53
info_0\0562_0012_0011_0051_0051.jpg 1 12 11 51 51
info_0\0563_0010_0020_0051_0051.jpg 1 10 20 51 51
info_0\0564_0010_0008_0052_0052.jpg 1 10 8 52 52
info_0\0565_0017_0017_0052_0052.jpg 1 17 17 52 52
info_0\0566_0024_0023_0052_0052.jpg 1 24 23 52 52
info_0\0567_0019_0009_0053_0053.jpg 1 19 9 53 53
info_0\0568_0009_0009_0055_0055.jpg 1 9 9 55 55
info_0\0569_0011_0020_0052_0052.jpg 1 11 20 52 52
info_0\0570_0009_0008_0054_0054.jpg 1 9 8 54 54
info_0\0571_0017_0013_0053_0053.jpg 1 17 13 53 53
info_0\0572_0012_0024_0051_0051.jpg 1 12 24 51 51
info_0\0573_0003_0024_0051_0051.jpg 1 3 24 51 51
info_0\0574_0011_0021_0054_0054.jpg 1 11 21 54 54
info_0\0575_0013_0025_0051_0051.jpg 1 13 25 51 51
info_0\0576_0004_0008_0054_0054.jpg 1 4 8 54 54
info_0\0577_0022_0009_0055_0055.jpg 1 22 9 55 55
info_0\0578_0019_0016_0050_0050.jpg 1 19 16 50 50
info_0\0579_0007_0018_0052_0052.jpg 1 7 18 52 52
info_0\0580_0019_0009_0053_0053.jpg 1 19 9 53 53
info_0\0581_0020_0003_0052_0052.jpg 1 20 3 52 52
info_0\0582_0010_0008_0055_0055.jpg 1 10 8 55 55
info_0\0583_0012_0023_0052_0052.jpg 1 12 23 52 52
info_0\0584_0021_0021_0054_0054.jpg 1 21 21 54 54
info_0\0585_0012_0014_0055_0055.jpg 1 12 14 55 55
info_0\0586_0009_0006_0055_0055.jpg 1 9 6 55 55
info_0\0587_0007_0002_0055_0055.jpg 1 7 2 55 55
info_0\0588_0013_0008_0052_0052.jpg 1 13 8 52 52
info_0\0589_0020_0009_0052_0052.jpg 1 20 9 52 52
info_0\0590_0018_0013_0052_0052.jpg 1 18 13 52 52
info_0\0591_0018_0007_0051_0051.jpg 1 18 7 51 51
info_0\0592_0006_0006_0052_0052.jpg 1 6 6 52 52
info_0\0593_0020_0018_0052_0052.jpg 1 20 18 52 52
info_0\0594_0024_0006_0050_0050.jpg 1 24 6 50 50
info_0\0595_0008_0017_0053_0053.jpg 1 8 17 53 53
info_0\0596_0004_0015_0055_0055.jpg 1 4 15 55 55
info_0\0597_0022_0018_0054_0054.jpg 1 22 18 54 54
info_0\0598_0018_0026_0051_0051.jpg 1 18 26 51 51
info_0\0599_0007_0009_0052_0052.jpg 1 7 9 52 52
info_0\0600_0019_0023_0053_0053.jpg 1 19 23 53 53
